2020-04-20 10:29:19 startup archives unpack
2020-04-20 10:29:19 install perl-modules-5.28:all <none> 5.28.1-6
2020-04-20 10:29:19 status half-installed perl-modules-5.28:all 5.28.1-6
2020-04-20 10:29:19 status unpacked perl-modules-5.28:all 5.28.1-6
2020-04-20 10:29:20 install libgdbm6:amd64 <none> 1.18.1-4
2020-04-20 10:29:20 status triggers-pending libc-bin:amd64 2.28-10
2020-04-20 10:29:20 status half-installed libgdbm6:amd64 1.18.1-4
2020-04-20 10:29:20 status unpacked libgdbm6:amd64 1.18.1-4
2020-04-20 10:29:20 install libgdbm-compat4:amd64 <none> 1.18.1-4
2020-04-20 10:29:20 status half-installed libgdbm-compat4:amd64 1.18.1-4
2020-04-20 10:29:20 status unpacked libgdbm-compat4:amd64 1.18.1-4
2020-04-20 10:29:20 install libperl5.28:amd64 <none> 5.28.1-6
2020-04-20 10:29:20 status half-installed libperl5.28:amd64 5.28.1-6
2020-04-20 10:29:21 status unpacked libperl5.28:amd64 5.28.1-6
2020-04-20 10:29:21 install perl:amd64 <none> 5.28.1-6
2020-04-20 10:29:21 status half-installed perl:amd64 5.28.1-6
2020-04-20 10:29:21 status unpacked perl:amd64 5.28.1-6
2020-04-20 10:29:21 install netbase:all <none> 5.6
2020-04-20 10:29:21 status half-installed netbase:all 5.6
2020-04-20 10:29:21 status unpacked netbase:all 5.6
2020-04-20 10:29:21 install bzip2:amd64 <none> 1.0.6-9.2~deb10u1
2020-04-20 10:29:21 status half-installed bzip2:amd64 1.0.6-9.2~deb10u1
2020-04-20 10:29:21 status unpacked bzip2:amd64 1.0.6-9.2~deb10u1
2020-04-20 10:29:21 install libmagic-mgc:amd64 <none> 1:5.35-4+deb10u1
2020-04-20 10:29:21 status half-installed libmagic-mgc:amd64 1:5.35-4+deb10u1
2020-04-20 10:29:21 status unpacked libmagic-mgc:amd64 1:5.35-4+deb10u1
2020-04-20 10:29:21 install libmagic1:amd64 <none> 1:5.35-4+deb10u1
2020-04-20 10:29:21 status half-installed libmagic1:amd64 1:5.35-4+deb10u1
2020-04-20 10:29:22 status unpacked libmagic1:amd64 1:5.35-4+deb10u1
2020-04-20 10:29:22 install file:amd64 <none> 1:5.35-4+deb10u1
2020-04-20 10:29:22 status half-installed file:amd64 1:5.35-4+deb10u1
2020-04-20 10:29:22 status unpacked file:amd64 1:5.35-4+deb10u1
2020-04-20 10:29:22 install mime-support:all <none> 3.62
2020-04-20 10:29:22 status half-installed mime-support:all 3.62
2020-04-20 10:29:22 status unpacked mime-support:all 3.62
2020-04-20 10:29:22 install xz-utils:amd64 <none> 5.2.4-1
2020-04-20 10:29:22 status half-installed xz-utils:amd64 5.2.4-1
2020-04-20 10:29:22 status unpacked xz-utils:amd64 5.2.4-1
2020-04-20 10:29:22 install libglib2.0-0:amd64 <none> 2.58.3-2+deb10u2
2020-04-20 10:29:22 status half-installed libglib2.0-0:amd64 2.58.3-2+deb10u2
2020-04-20 10:29:22 status unpacked libglib2.0-0:amd64 2.58.3-2+deb10u2
2020-04-20 10:29:23 install libglib2.0-data:all <none> 2.58.3-2+deb10u2
2020-04-20 10:29:23 status half-installed libglib2.0-data:all 2.58.3-2+deb10u2
2020-04-20 10:29:23 status unpacked libglib2.0-data:all 2.58.3-2+deb10u2
2020-04-20 10:29:23 install libgpm2:amd64 <none> 1.20.7-5
2020-04-20 10:29:23 status half-installed libgpm2:amd64 1.20.7-5
2020-04-20 10:29:23 status unpacked libgpm2:amd64 1.20.7-5
2020-04-20 10:29:23 install libslang2:amd64 <none> 2.3.2-2
2020-04-20 10:29:23 status half-installed libslang2:amd64 2.3.2-2
2020-04-20 10:29:23 status unpacked libslang2:amd64 2.3.2-2
2020-04-20 10:29:23 install libssh2-1:amd64 <none> 1.8.0-2.1
2020-04-20 10:29:23 status half-installed libssh2-1:amd64 1.8.0-2.1
2020-04-20 10:29:23 status unpacked libssh2-1:amd64 1.8.0-2.1
2020-04-20 10:29:23 install mc-data:all <none> 3:4.8.22-1
2020-04-20 10:29:23 status half-installed mc-data:all 3:4.8.22-1
2020-04-20 10:29:24 status unpacked mc-data:all 3:4.8.22-1
2020-04-20 10:29:24 install mc:amd64 <none> 3:4.8.22-1
2020-04-20 10:29:24 status half-installed mc:amd64 3:4.8.22-1
2020-04-20 10:29:24 status unpacked mc:amd64 3:4.8.22-1
2020-04-20 10:29:24 install shared-mime-info:amd64 <none> 1.10-1
2020-04-20 10:29:24 status half-installed shared-mime-info:amd64 1.10-1
2020-04-20 10:29:24 status unpacked shared-mime-info:amd64 1.10-1
2020-04-20 10:29:24 install unzip:amd64 <none> 6.0-23+deb10u1
2020-04-20 10:29:24 status half-installed unzip:amd64 6.0-23+deb10u1
2020-04-20 10:29:24 status unpacked unzip:amd64 6.0-23+deb10u1
2020-04-20 10:29:25 install xdg-user-dirs:amd64 <none> 0.17-2
2020-04-20 10:29:25 status half-installed xdg-user-dirs:amd64 0.17-2
2020-04-20 10:29:25 status unpacked xdg-user-dirs:amd64 0.17-2
2020-04-20 10:29:25 startup packages configure
2020-04-20 10:29:25 configure perl-modules-5.28:all 5.28.1-6 <none>
2020-04-20 10:29:25 status unpacked perl-modules-5.28:all 5.28.1-6
2020-04-20 10:29:25 status half-configured perl-modules-5.28:all 5.28.1-6
2020-04-20 10:29:25 status installed perl-modules-5.28:all 5.28.1-6
2020-04-20 10:29:25 configure libgpm2:amd64 1.20.7-5 <none>
2020-04-20 10:29:25 status unpacked libgpm2:amd64 1.20.7-5
2020-04-20 10:29:25 status half-configured libgpm2:amd64 1.20.7-5
2020-04-20 10:29:25 status installed libgpm2:amd64 1.20.7-5
2020-04-20 10:29:25 configure mime-support:all 3.62 <none>
2020-04-20 10:29:25 status unpacked mime-support:all 3.62
2020-04-20 10:29:25 status half-configured mime-support:all 3.62
2020-04-20 10:29:25 status installed mime-support:all 3.62
2020-04-20 10:29:25 configure xdg-user-dirs:amd64 0.17-2 <none>
2020-04-20 10:29:25 status unpacked xdg-user-dirs:amd64 0.17-2
2020-04-20 10:29:25 status half-configured xdg-user-dirs:amd64 0.17-2
2020-04-20 10:29:25 status installed xdg-user-dirs:amd64 0.17-2
2020-04-20 10:29:25 configure libmagic-mgc:amd64 1:5.35-4+deb10u1 <none>
2020-04-20 10:29:25 status unpacked libmagic-mgc:amd64 1:5.35-4+deb10u1
2020-04-20 10:29:25 status half-configured libmagic-mgc:amd64 1:5.35-4+deb10u1
2020-04-20 10:29:25 status installed libmagic-mgc:amd64 1:5.35-4+deb10u1
2020-04-20 10:29:25 configure libglib2.0-0:amd64 2.58.3-2+deb10u2 <none>
2020-04-20 10:29:25 status unpacked libglib2.0-0:amd64 2.58.3-2+deb10u2
2020-04-20 10:29:25 status half-configured libglib2.0-0:amd64 2.58.3-2+deb10u2
2020-04-20 10:29:25 status installed libglib2.0-0:amd64 2.58.3-2+deb10u2
2020-04-20 10:29:25 configure unzip:amd64 6.0-23+deb10u1 <none>
2020-04-20 10:29:25 status unpacked unzip:amd64 6.0-23+deb10u1
2020-04-20 10:29:25 status half-configured unzip:amd64 6.0-23+deb10u1
2020-04-20 10:29:25 status installed unzip:amd64 6.0-23+deb10u1
2020-04-20 10:29:25 configure libmagic1:amd64 1:5.35-4+deb10u1 <none>
2020-04-20 10:29:25 status unpacked libmagic1:amd64 1:5.35-4+deb10u1
2020-04-20 10:29:25 status half-configured libmagic1:amd64 1:5.35-4+deb10u1
2020-04-20 10:29:25 status installed libmagic1:amd64 1:5.35-4+deb10u1
2020-04-20 10:29:25 configure file:amd64 1:5.35-4+deb10u1 <none>
2020-04-20 10:29:25 status unpacked file:amd64 1:5.35-4+deb10u1
2020-04-20 10:29:26 status half-configured file:amd64 1:5.35-4+deb10u1
2020-04-20 10:29:26 status installed file:amd64 1:5.35-4+deb10u1
2020-04-20 10:29:26 configure bzip2:amd64 1.0.6-9.2~deb10u1 <none>
2020-04-20 10:29:26 status unpacked bzip2:amd64 1.0.6-9.2~deb10u1
2020-04-20 10:29:26 status half-configured bzip2:amd64 1.0.6-9.2~deb10u1
2020-04-20 10:29:26 status installed bzip2:amd64 1.0.6-9.2~deb10u1
2020-04-20 10:29:26 configure libglib2.0-data:all 2.58.3-2+deb10u2 <none>
2020-04-20 10:29:26 status unpacked libglib2.0-data:all 2.58.3-2+deb10u2
2020-04-20 10:29:26 status half-configured libglib2.0-data:all 2.58.3-2+deb10u2
2020-04-20 10:29:26 status installed libglib2.0-data:all 2.58.3-2+deb10u2
2020-04-20 10:29:26 configure libslang2:amd64 2.3.2-2 <none>
2020-04-20 10:29:26 status unpacked libslang2:amd64 2.3.2-2
2020-04-20 10:29:26 status half-configured libslang2:amd64 2.3.2-2
2020-04-20 10:29:26 status installed libslang2:amd64 2.3.2-2
2020-04-20 10:29:26 configure xz-utils:amd64 5.2.4-1 <none>
2020-04-20 10:29:26 status unpacked xz-utils:amd64 5.2.4-1
2020-04-20 10:29:26 status half-configured xz-utils:amd64 5.2.4-1
2020-04-20 10:29:26 status installed xz-utils:amd64 5.2.4-1
2020-04-20 10:29:26 configure shared-mime-info:amd64 1.10-1 <none>
2020-04-20 10:29:26 status unpacked shared-mime-info:amd64 1.10-1
2020-04-20 10:29:26 status half-configured shared-mime-info:amd64 1.10-1
2020-04-20 10:29:36 status installed shared-mime-info:amd64 1.10-1
2020-04-20 10:29:36 configure mc-data:all 3:4.8.22-1 <none>
2020-04-20 10:29:36 status unpacked mc-data:all 3:4.8.22-1
2020-04-20 10:29:36 status half-configured mc-data:all 3:4.8.22-1
2020-04-20 10:29:36 status installed mc-data:all 3:4.8.22-1
2020-04-20 10:29:36 configure libssh2-1:amd64 1.8.0-2.1 <none>
2020-04-20 10:29:36 status unpacked libssh2-1:amd64 1.8.0-2.1
2020-04-20 10:29:36 status half-configured libssh2-1:amd64 1.8.0-2.1
2020-04-20 10:29:36 status installed libssh2-1:amd64 1.8.0-2.1
2020-04-20 10:29:36 configure netbase:all 5.6 <none>
2020-04-20 10:29:36 status unpacked netbase:all 5.6
2020-04-20 10:29:36 status half-configured netbase:all 5.6
2020-04-20 10:29:36 status installed netbase:all 5.6
2020-04-20 10:29:36 configure libgdbm6:amd64 1.18.1-4 <none>
2020-04-20 10:29:36 status unpacked libgdbm6:amd64 1.18.1-4
2020-04-20 10:29:36 status half-configured libgdbm6:amd64 1.18.1-4
2020-04-20 10:29:36 status installed libgdbm6:amd64 1.18.1-4
2020-04-20 10:29:36 configure mc:amd64 3:4.8.22-1 <none>
2020-04-20 10:29:36 status unpacked mc:amd64 3:4.8.22-1
2020-04-20 10:29:36 status half-configured mc:amd64 3:4.8.22-1
2020-04-20 10:29:36 status installed mc:amd64 3:4.8.22-1
2020-04-20 10:29:36 configure libgdbm-compat4:amd64 1.18.1-4 <none>
2020-04-20 10:29:36 status unpacked libgdbm-compat4:amd64 1.18.1-4
2020-04-20 10:29:36 status half-configured libgdbm-compat4:amd64 1.18.1-4
2020-04-20 10:29:36 status installed libgdbm-compat4:amd64 1.18.1-4
2020-04-20 10:29:36 configure libperl5.28:amd64 5.28.1-6 <none>
2020-04-20 10:29:36 status unpacked libperl5.28:amd64 5.28.1-6
2020-04-20 10:29:36 status half-configured libperl5.28:amd64 5.28.1-6
2020-04-20 10:29:36 status installed libperl5.28:amd64 5.28.1-6
2020-04-20 10:29:36 configure perl:amd64 5.28.1-6 <none>
2020-04-20 10:29:36 status unpacked perl:amd64 5.28.1-6
2020-04-20 10:29:36 status half-configured perl:amd64 5.28.1-6
2020-04-20 10:29:36 status installed perl:amd64 5.28.1-6
2020-04-20 10:29:36 trigproc libc-bin:amd64 2.28-10 <none>
2020-04-20 10:29:36 status half-configured libc-bin:amd64 2.28-10
2020-04-20 10:29:37 status installed libc-bin:amd64 2.28-10
2020-04-20 10:34:29 startup archives unpack
2020-04-20 10:34:29 install php-json-schema:all <none> 5.2.6-1
2020-04-20 10:34:29 status half-installed php-json-schema:all 5.2.6-1
2020-04-20 10:34:29 status unpacked php-json-schema:all 5.2.6-1
2020-04-20 10:34:30 status unpacked php-json-schema:all 5.2.6-1
2020-04-20 10:34:30 install php-composer-ca-bundle:all <none> 1.1.0-1
2020-04-20 10:34:30 status half-installed php-composer-ca-bundle:all 1.1.0-1
2020-04-20 10:34:30 status unpacked php-composer-ca-bundle:all 1.1.0-1
2020-04-20 10:34:30 status unpacked php-composer-ca-bundle:all 1.1.0-1
2020-04-20 10:34:30 install php-composer-semver:all <none> 1.4.2-1
2020-04-20 10:34:30 status half-installed php-composer-semver:all 1.4.2-1
2020-04-20 10:34:30 status unpacked php-composer-semver:all 1.4.2-1
2020-04-20 10:34:30 status unpacked php-composer-semver:all 1.4.2-1
2020-04-20 10:34:30 install php-composer-spdx-licenses:all <none> 1.3.0-1
2020-04-20 10:34:30 status half-installed php-composer-spdx-licenses:all 1.3.0-1
2020-04-20 10:34:30 status unpacked php-composer-spdx-licenses:all 1.3.0-1
2020-04-20 10:34:30 status unpacked php-composer-spdx-licenses:all 1.3.0-1
2020-04-20 10:34:30 install jsonlint:all <none> 1.7.1-1
2020-04-20 10:34:30 status half-installed jsonlint:all 1.7.1-1
2020-04-20 10:34:30 status unpacked jsonlint:all 1.7.1-1
2020-04-20 10:34:30 status unpacked jsonlint:all 1.7.1-1
2020-04-20 10:34:30 install php-symfony-polyfill-mbstring:all <none> 1.6.0-2
2020-04-20 10:34:30 status half-installed php-symfony-polyfill-mbstring:all 1.6.0-2
2020-04-20 10:34:30 status unpacked php-symfony-polyfill-mbstring:all 1.6.0-2
2020-04-20 10:34:30 status unpacked php-symfony-polyfill-mbstring:all 1.6.0-2
2020-04-20 10:34:30 install php-psr-log:all <none> 1.0.2-1
2020-04-20 10:34:30 status half-installed php-psr-log:all 1.0.2-1
2020-04-20 10:34:30 status unpacked php-psr-log:all 1.0.2-1
2020-04-20 10:34:30 status unpacked php-psr-log:all 1.0.2-1
2020-04-20 10:34:30 install php-symfony-debug:all <none> 3.4.6+dfsg-1ubuntu0.1
2020-04-20 10:34:30 status half-installed php-symfony-debug:all 3.4.6+dfsg-1ubuntu0.1
2020-04-20 10:34:30 status unpacked php-symfony-debug:all 3.4.6+dfsg-1ubuntu0.1
2020-04-20 10:34:30 status unpacked php-symfony-debug:all 3.4.6+dfsg-1ubuntu0.1
2020-04-20 10:34:30 install php-symfony-console:all <none> 3.4.6+dfsg-1ubuntu0.1
2020-04-20 10:34:30 status half-installed php-symfony-console:all 3.4.6+dfsg-1ubuntu0.1
2020-04-20 10:34:30 status unpacked php-symfony-console:all 3.4.6+dfsg-1ubuntu0.1
2020-04-20 10:34:30 status unpacked php-symfony-console:all 3.4.6+dfsg-1ubuntu0.1
2020-04-20 10:34:30 install php-symfony-finder:all <none> 3.4.6+dfsg-1ubuntu0.1
2020-04-20 10:34:30 status half-installed php-symfony-finder:all 3.4.6+dfsg-1ubuntu0.1
2020-04-20 10:34:30 status unpacked php-symfony-finder:all 3.4.6+dfsg-1ubuntu0.1
2020-04-20 10:34:30 status unpacked php-symfony-finder:all 3.4.6+dfsg-1ubuntu0.1
2020-04-20 10:34:30 install php-symfony-process:all <none> 3.4.6+dfsg-1ubuntu0.1
2020-04-20 10:34:30 status half-installed php-symfony-process:all 3.4.6+dfsg-1ubuntu0.1
2020-04-20 10:34:30 status unpacked php-symfony-process:all 3.4.6+dfsg-1ubuntu0.1
2020-04-20 10:34:30 status unpacked php-symfony-process:all 3.4.6+dfsg-1ubuntu0.1
2020-04-20 10:34:30 install php-symfony-filesystem:all <none> 3.4.6+dfsg-1ubuntu0.1
2020-04-20 10:34:30 status half-installed php-symfony-filesystem:all 3.4.6+dfsg-1ubuntu0.1
2020-04-20 10:34:30 status unpacked php-symfony-filesystem:all 3.4.6+dfsg-1ubuntu0.1
2020-04-20 10:34:30 status unpacked php-symfony-filesystem:all 3.4.6+dfsg-1ubuntu0.1
2020-04-20 10:34:30 install php-cli-prompt:all <none> 1.0.3+dfsg-1
2020-04-20 10:34:30 status half-installed php-cli-prompt:all 1.0.3+dfsg-1
2020-04-20 10:34:30 status unpacked php-cli-prompt:all 1.0.3+dfsg-1
2020-04-20 10:34:30 status unpacked php-cli-prompt:all 1.0.3+dfsg-1
2020-04-20 10:34:30 install composer:all <none> 1.6.3-1
2020-04-20 10:34:30 status half-installed composer:all 1.6.3-1
2020-04-20 10:34:30 status unpacked composer:all 1.6.3-1
2020-04-20 10:34:30 status unpacked composer:all 1.6.3-1
2020-04-20 10:34:31 startup packages configure
2020-04-20 10:34:31 configure php-psr-log:all 1.0.2-1 <none>
2020-04-20 10:34:31 status unpacked php-psr-log:all 1.0.2-1
2020-04-20 10:34:31 status half-configured php-psr-log:all 1.0.2-1
2020-04-20 10:34:31 status installed php-psr-log:all 1.0.2-1
2020-04-20 10:34:31 configure php-symfony-finder:all 3.4.6+dfsg-1ubuntu0.1 <none>
2020-04-20 10:34:31 status unpacked php-symfony-finder:all 3.4.6+dfsg-1ubuntu0.1
2020-04-20 10:34:31 status half-configured php-symfony-finder:all 3.4.6+dfsg-1ubuntu0.1
2020-04-20 10:34:31 status installed php-symfony-finder:all 3.4.6+dfsg-1ubuntu0.1
2020-04-20 10:34:31 configure php-composer-ca-bundle:all 1.1.0-1 <none>
2020-04-20 10:34:31 status unpacked php-composer-ca-bundle:all 1.1.0-1
2020-04-20 10:34:31 status half-configured php-composer-ca-bundle:all 1.1.0-1
2020-04-20 10:34:31 status installed php-composer-ca-bundle:all 1.1.0-1
2020-04-20 10:34:31 configure php-json-schema:all 5.2.6-1 <none>
2020-04-20 10:34:31 status unpacked php-json-schema:all 5.2.6-1
2020-04-20 10:34:31 status half-configured php-json-schema:all 5.2.6-1
2020-04-20 10:34:31 status installed php-json-schema:all 5.2.6-1
2020-04-20 10:34:31 configure php-composer-semver:all 1.4.2-1 <none>
2020-04-20 10:34:31 status unpacked php-composer-semver:all 1.4.2-1
2020-04-20 10:34:31 status half-configured php-composer-semver:all 1.4.2-1
2020-04-20 10:34:31 status installed php-composer-semver:all 1.4.2-1
2020-04-20 10:34:31 configure php-cli-prompt:all 1.0.3+dfsg-1 <none>
2020-04-20 10:34:31 status unpacked php-cli-prompt:all 1.0.3+dfsg-1
2020-04-20 10:34:31 status half-configured php-cli-prompt:all 1.0.3+dfsg-1
2020-04-20 10:34:31 status installed php-cli-prompt:all 1.0.3+dfsg-1
2020-04-20 10:34:31 configure php-composer-spdx-licenses:all 1.3.0-1 <none>
2020-04-20 10:34:31 status unpacked php-composer-spdx-licenses:all 1.3.0-1
2020-04-20 10:34:31 status half-configured php-composer-spdx-licenses:all 1.3.0-1
2020-04-20 10:34:31 status installed php-composer-spdx-licenses:all 1.3.0-1
2020-04-20 10:34:31 configure php-symfony-filesystem:all 3.4.6+dfsg-1ubuntu0.1 <none>
2020-04-20 10:34:31 status unpacked php-symfony-filesystem:all 3.4.6+dfsg-1ubuntu0.1
2020-04-20 10:34:31 status half-configured php-symfony-filesystem:all 3.4.6+dfsg-1ubuntu0.1
2020-04-20 10:34:31 status installed php-symfony-filesystem:all 3.4.6+dfsg-1ubuntu0.1
2020-04-20 10:34:31 configure php-symfony-polyfill-mbstring:all 1.6.0-2 <none>
2020-04-20 10:34:31 status unpacked php-symfony-polyfill-mbstring:all 1.6.0-2
2020-04-20 10:34:31 status half-configured php-symfony-polyfill-mbstring:all 1.6.0-2
2020-04-20 10:34:31 status installed php-symfony-polyfill-mbstring:all 1.6.0-2
2020-04-20 10:34:31 configure jsonlint:all 1.7.1-1 <none>
2020-04-20 10:34:31 status unpacked jsonlint:all 1.7.1-1
2020-04-20 10:34:31 status half-configured jsonlint:all 1.7.1-1
2020-04-20 10:34:31 status installed jsonlint:all 1.7.1-1
2020-04-20 10:34:31 configure php-symfony-process:all 3.4.6+dfsg-1ubuntu0.1 <none>
2020-04-20 10:34:31 status unpacked php-symfony-process:all 3.4.6+dfsg-1ubuntu0.1
2020-04-20 10:34:31 status half-configured php-symfony-process:all 3.4.6+dfsg-1ubuntu0.1
2020-04-20 10:34:31 status installed php-symfony-process:all 3.4.6+dfsg-1ubuntu0.1
2020-04-20 10:34:31 configure php-symfony-debug:all 3.4.6+dfsg-1ubuntu0.1 <none>
2020-04-20 10:34:31 status unpacked php-symfony-debug:all 3.4.6+dfsg-1ubuntu0.1
2020-04-20 10:34:31 status half-configured php-symfony-debug:all 3.4.6+dfsg-1ubuntu0.1
2020-04-20 10:34:31 status installed php-symfony-debug:all 3.4.6+dfsg-1ubuntu0.1
2020-04-20 10:34:31 configure php-symfony-console:all 3.4.6+dfsg-1ubuntu0.1 <none>
2020-04-20 10:34:31 status unpacked php-symfony-console:all 3.4.6+dfsg-1ubuntu0.1
2020-04-20 10:34:31 status half-configured php-symfony-console:all 3.4.6+dfsg-1ubuntu0.1
2020-04-20 10:34:31 status installed php-symfony-console:all 3.4.6+dfsg-1ubuntu0.1
2020-04-20 10:34:31 configure composer:all 1.6.3-1 <none>
2020-04-20 10:34:31 status unpacked composer:all 1.6.3-1
2020-04-20 10:34:31 status half-configured composer:all 1.6.3-1
2020-04-20 10:34:31 status installed composer:all 1.6.3-1
